<?xml version="1.0" encoding="UTF-8"?>
<!-- Generated by org.testng.reporters.JUnitXMLReporter -->
<testsuite hostname="DESKTOP-TNNOMRP" ignored="0" name="Tests-runner-1" tests="10" failures="0" timestamp="2021-05-07T10:47:29 IST" time="141.551" errors="0">
  <testcase name="@BeforeClass configBC" time="66.86" classname="com.crm.vtiger.GenericUtils.BaseClass1">
    <failure type="org.openqa.selenium.TimeoutException" message="No connection could be made because the target machine actively refused it. (os error 10061)
Build info: version: &amp;apos;3.141.59&amp;apos;, revision: &amp;apos;e82be7d358&amp;apos;, time: &amp;apos;2018-11-14T08:17:03&amp;apos;
System info: host: &amp;apos;DESKTOP-TNNOMRP&amp;apos;, ip: &amp;apos;192.168.136.1&amp;apos;, os.name: &amp;apos;Windows 10&amp;apos;, os.arch: &amp;apos;amd64&amp;apos;, os.version: &amp;apos;10.0&amp;apos;, java.version: &amp;apos;1.8.0_91&amp;apos;
Driver info: driver.version: FirefoxDriver
remote stacktrace: ">
      <![CDATA[org.openqa.selenium.TimeoutException: No connection could be made because the target machine actively refused it. (os error 10061)
Build info: version: '3.141.59', revision: 'e82be7d358', time: '2018-11-14T08:17:03'
System info: host: 'DESKTOP-TNNOMRP', ip: '192.168.136.1', os.name: 'Windows 10', os.arch: 'amd64', os.version: '10.0', java.version: '1.8.0_91'
Driver info: driver.version: FirefoxDriver
remote stacktrace: 
at org.openqa.selenium.remote.W3CHandshakeResponse.lambda$errorHandler$0(W3CHandshakeResponse.java:62)
at org.openqa.selenium.remote.HandshakeResponse.lambda$getResponseFunction$0(HandshakeResponse.java:30)
at org.openqa.selenium.remote.ProtocolHandshake.lambda$createSession$0(ProtocolHandshake.java:126)
at java.util.stream.ReferencePipeline$3$1.accept(Unknown Source)
at java.util.Spliterators$ArraySpliterator.tryAdvance(Unknown Source)
at java.util.stream.ReferencePipeline.forEachWithCancel(Unknown Source)
at java.util.stream.AbstractPipeline.copyIntoWithCancel(Unknown Source)
at java.util.stream.AbstractPipeline.copyInto(Unknown Source)
at java.util.stream.AbstractPipeline.wrapAndCopyInto(Unknown Source)
at java.util.stream.FindOps$FindOp.evaluateSequential(Unknown Source)
at java.util.stream.AbstractPipeline.evaluate(Unknown Source)
at java.util.stream.ReferencePipeline.findFirst(Unknown Source)
at org.openqa.selenium.remote.ProtocolHandshake.createSession(ProtocolHandshake.java:128)
at org.openqa.selenium.remote.ProtocolHandshake.createSession(ProtocolHandshake.java:74)
at org.openqa.selenium.remote.HttpCommandExecutor.execute(HttpCommandExecutor.java:136)
at org.openqa.selenium.remote.service.DriverCommandExecutor.execute(DriverCommandExecutor.java:83)
at org.openqa.selenium.remote.RemoteWebDriver.execute(RemoteWebDriver.java:552)
at org.openqa.selenium.remote.RemoteWebDriver.startSession(RemoteWebDriver.java:213)
at org.openqa.selenium.remote.RemoteWebDriver.<init>(RemoteWebDriver.java:131)
at org.openqa.selenium.firefox.FirefoxDriver.<init>(FirefoxDriver.java:147)
at org.openqa.selenium.firefox.FirefoxDriver.<init>(FirefoxDriver.java:125)
at com.crm.vtiger.GenericUtils.BaseClass1.configBC(BaseClass1.java:46)
at java.util.ArrayList.forEach(Unknown Source)
at java.util.concurrent.FutureTask.run(Unknown Source)
at java.util.concurrent.ThreadPoolExecutor.runWorker(Unknown Source)
at java.util.concurrent.ThreadPoolExecutor$Worker.run(Unknown Source)
at java.lang.Thread.run(Unknown Source)
... Removed 20 stack frames]]>
    </failure>
  </testcase> <!-- @BeforeClass configBC -->
  <testcase name="@BeforeMethod setUp" time="-1.620364570607E9" classname="com.crm.vtiger.GenericUtils.BaseClass1">
    <skipped/>
  </testcase> <!-- @BeforeMethod setUp -->
  <testcase name="@AfterMethod tearDown" time="-1.620364570777E9" classname="com.crm.vtiger.GenericUtils.BaseClass1">
    <skipped/>
  </testcase> <!-- @AfterMethod tearDown -->
  <testcase name="@BeforeMethod setUp" time="-1.620364570779E9" classname="com.crm.vtiger.GenericUtils.BaseClass1">
    <skipped/>
  </testcase> <!-- @BeforeMethod setUp -->
  <testcase name="@AfterMethod tearDown" time="-1.620364570788E9" classname="com.crm.vtiger.GenericUtils.BaseClass1">
    <skipped/>
  </testcase> <!-- @AfterMethod tearDown -->
  <testcase name="@BeforeMethod setUp" time="-1.62036457079E9" classname="com.crm.vtiger.GenericUtils.BaseClass1">
    <skipped/>
  </testcase> <!-- @BeforeMethod setUp -->
  <testcase name="@AfterMethod tearDown" time="-1.620364570797E9" classname="com.crm.vtiger.GenericUtils.BaseClass1">
    <skipped/>
  </testcase> <!-- @AfterMethod tearDown -->
  <testcase name="@BeforeMethod setUp" time="-1.620364570802E9" classname="com.crm.vtiger.GenericUtils.BaseClass1">
    <skipped/>
  </testcase> <!-- @BeforeMethod setUp -->
  <testcase name="@AfterMethod tearDown" time="-1.620364570825E9" classname="com.crm.vtiger.GenericUtils.BaseClass1">
    <skipped/>
  </testcase> <!-- @AfterMethod tearDown -->
  <testcase name="@BeforeMethod setUp" time="-1.620364570828E9" classname="com.crm.vtiger.GenericUtils.BaseClass1">
    <skipped/>
  </testcase> <!-- @BeforeMethod setUp -->
  <testcase name="@AfterMethod tearDown" time="-1.620364570837E9" classname="com.crm.vtiger.GenericUtils.BaseClass1">
    <skipped/>
  </testcase> <!-- @AfterMethod tearDown -->
  <testcase name="@AfterClass configAC" time="-1.620364570839E9" classname="com.crm.vtiger.GenericUtils.BaseClass1">
    <skipped/>
  </testcase> <!-- @AfterClass configAC -->
  <testcase name="filterProspectAccounts" time="9.792" classname="com.comcast.crm.organizationTest.searchOrganizationTest"/>
  <testcase name="searchOrganizationNameByOrgName" time="9.191" classname="com.comcast.crm.organizationTest.searchOrganizationTest"/>
  <testcase name="searchOrganizationNameByPhone" time="8.674" classname="com.comcast.crm.organizationTest.searchOrganizationTest"/>
  <testcase name="filterProspectAccounts" time="0.0" classname="com.comcast.crm.organizationTest.searchOrganizationTest">
    <skipped/>
  </testcase> <!-- filterProspectAccounts -->
  <testcase name="searchOrganizationNameByOrgName" time="0.0" classname="com.comcast.crm.organizationTest.searchOrganizationTest">
    <skipped/>
  </testcase> <!-- searchOrganizationNameByOrgName -->
  <testcase name="searchOrganizationNameByPhone" time="0.0" classname="com.comcast.crm.organizationTest.searchOrganizationTest">
    <skipped/>
  </testcase> <!-- searchOrganizationNameByPhone -->
  <testcase name="searchOrganizationNameByRating" time="0.0" classname="com.comcast.crm.organizationTest.searchOrganizationTest">
    <skipped/>
  </testcase> <!-- searchOrganizationNameByRating -->
  <testcase name="searchOrganizationNameByWebsite" time="0.0" classname="com.comcast.crm.organizationTest.searchOrganizationTest">
    <skipped/>
  </testcase> <!-- searchOrganizationNameByWebsite -->
  <testcase name="searchOrganizationNameByRating" time="12.08" classname="com.comcast.crm.organizationTest.searchOrganizationTest"/>
  <testcase name="searchOrganizationNameByWebsite" time="52.151" classname="com.comcast.crm.organizationTest.searchOrganizationTest"/>
</testsuite> <!-- Tests-runner-1 -->
